{"D:\\edwin\\serverles\\appointment\\src\\application\\attended.ts": {"path":"D:\\edwin\\serverles\\appointment\\src\\application\\attended.ts","statementMap":{"0":{"start":{"line":2,"column":0},"end":{"line":2,"column":54}},"1":{"start":{"line":5,"column":24},"end":{"line":16,"column":1}},"2":{"start":{"line":6,"column":2},"end":{"line":14,"column":3}},"3":{"start":{"line":7,"column":17},"end":{"line":7,"column":48}},"4":{"start":{"line":8,"column":47},"end":{"line":8,"column":58}},"5":{"start":{"line":9,"column":4},"end":{"line":12,"column":5}},"6":{"start":{"line":10,"column":6},"end":{"line":10,"column":66}},"7":{"start":{"line":11,"column":6},"end":{"line":11,"column":41}},"8":{"start":{"line":13,"column":4},"end":{"line":13,"column":88}},"9":{"start":{"line":15,"column":2},"end":{"line":15,"column":30}},"10":{"start":{"line":5,"column":13},"end":{"line":5,"column":24}}},"fnMap":{"0":{"name":"(anonymous_0)","decl":{"start":{"line":5,"column":24},"end":{"line":5,"column":29}},"loc":{"start":{"line":5,"column":67},"end":{"line":16,"column":1}}}},"branchMap":{"0":{"loc":{"start":{"line":7,"column":28},"end":{"line":7,"column":47}},"type":"binary-expr","locations":[{"start":{"line":7,"column":28},"end":{"line":7,"column":39}},{"start":{"line":7,"column":43},"end":{"line":7,"column":47}}]},"1":{"loc":{"start":{"line":9,"column":4},"end":{"line":12,"column":5}},"type":"if","locations":[{"start":{"line":9,"column":4},"end":{"line":12,"column":5}},{"start":{},"end":{}}]},"2":{"loc":{"start":{"line":9,"column":8},"end":{"line":9,"column":100}},"type":"binary-expr","locations":[{"start":{"line":9,"column":8},"end":{"line":9,"column":20}},{"start":{"line":9,"column":24},"end":{"line":9,"column":46}},{"start":{"line":9,"column":50},"end":{"line":9,"column":73}},{"start":{"line":9,"column":77},"end":{"line":9,"column":100}}]}},"s":{"0":3,"1":3,"2":0,"3":0,"4":0,"5":0,"6":0,"7":0,"8":0,"9":0,"10":3},"f":{"0":0},"b":{"0":[0,0],"1":[0,0],"2":[0,0,0,0]}}
,"D:\\edwin\\serverles\\appointment\\src\\application\\getAppointments.ts": {"path":"D:\\edwin\\serverles\\appointment\\src\\application\\getAppointments.ts","statementMap":{"0":{"start":{"line":1,"column":0},"end":{"line":1,"column":55}},"1":{"start":{"line":3,"column":31},"end":{"line":5,"column":1}},"2":{"start":{"line":4,"column":4},"end":{"line":4,"column":38}},"3":{"start":{"line":3,"column":13},"end":{"line":3,"column":31}}},"fnMap":{"0":{"name":"(anonymous_0)","decl":{"start":{"line":3,"column":31},"end":{"line":3,"column":36}},"loc":{"start":{"line":3,"column":56},"end":{"line":5,"column":1}}}},"branchMap":{},"s":{"0":3,"1":3,"2":0,"3":3},"f":{"0":0},"b":{}}
,"D:\\edwin\\serverles\\appointment\\src\\application\\index.ts": {"path":"D:\\edwin\\serverles\\appointment\\src\\application\\index.ts","statementMap":{"0":{"start":{"line":1,"column":0},"end":{"line":1,"column":29}},"1":{"start":{"line":2,"column":0},"end":{"line":2,"column":34}},"2":{"start":{"line":3,"column":0},"end":{"line":3,"column":27}},"3":{"start":{"line":4,"column":0},"end":{"line":4,"column":30}},"4":{"start":{"line":5,"column":0},"end":{"line":5,"column":37}}},"fnMap":{},"branchMap":{},"s":{"0":3,"1":3,"2":3,"3":3,"4":3},"f":{},"b":{}}
,"D:\\edwin\\serverles\\appointment\\src\\application\\publishAppointment.ts": {"path":"D:\\edwin\\serverles\\appointment\\src\\application\\publishAppointment.ts","statementMap":{"0":{"start":{"line":1,"column":0},"end":{"line":1,"column":82}},"1":{"start":{"line":4,"column":20},"end":{"line":4,"column":43}},"2":{"start":{"line":6,"column":43},"end":{"line":19,"column":1}},"3":{"start":{"line":7,"column":4},"end":{"line":18,"column":6}},"4":{"start":{"line":6,"column":13},"end":{"line":6,"column":43}}},"fnMap":{"0":{"name":"(anonymous_0)","decl":{"start":{"line":6,"column":43},"end":{"line":6,"column":48}},"loc":{"start":{"line":6,"column":133},"end":{"line":19,"column":1}}}},"branchMap":{},"s":{"0":3,"1":3,"2":3,"3":0,"4":3},"f":{"0":0},"b":{}}
,"D:\\edwin\\serverles\\appointment\\src\\application\\savedRecord.ts": {"path":"D:\\edwin\\serverles\\appointment\\src\\application\\savedRecord.ts","statementMap":{"0":{"start":{"line":2,"column":0},"end":{"line":2,"column":73}},"1":{"start":{"line":4,"column":27},"end":{"line":10,"column":1}},"2":{"start":{"line":5,"column":4},"end":{"line":9,"column":5}},"3":{"start":{"line":6,"column":8},"end":{"line":6,"column":45}},"4":{"start":{"line":8,"column":8},"end":{"line":8,"column":45}},"5":{"start":{"line":4,"column":13},"end":{"line":4,"column":27}}},"fnMap":{"0":{"name":"(anonymous_0)","decl":{"start":{"line":4,"column":27},"end":{"line":4,"column":32}},"loc":{"start":{"line":4,"column":106},"end":{"line":10,"column":1}}}},"branchMap":{"0":{"loc":{"start":{"line":5,"column":4},"end":{"line":9,"column":5}},"type":"if","locations":[{"start":{"line":5,"column":4},"end":{"line":9,"column":5}},{"start":{"line":7,"column":11},"end":{"line":9,"column":5}}]}},"s":{"0":3,"1":3,"2":0,"3":0,"4":0,"5":3},"f":{"0":0},"b":{"0":[0,0]}}
,"D:\\edwin\\serverles\\appointment\\src\\application\\scheduling.ts": {"path":"D:\\edwin\\serverles\\appointment\\src\\application\\scheduling.ts","statementMap":{"0":{"start":{"line":2,"column":0},"end":{"line":2,"column":64}},"1":{"start":{"line":4,"column":0},"end":{"line":4,"column":60}},"2":{"start":{"line":6,"column":12},"end":{"line":6,"column":27}},"3":{"start":{"line":8,"column":26},"end":{"line":29,"column":1}},"4":{"start":{"line":9,"column":17},"end":{"line":9,"column":47}},"5":{"start":{"line":10,"column":51},"end":{"line":15,"column":6}},"6":{"start":{"line":16,"column":4},"end":{"line":16,"column":42}},"7":{"start":{"line":17,"column":20},"end":{"line":26,"column":6}},"8":{"start":{"line":27,"column":4},"end":{"line":27,"column":28}},"9":{"start":{"line":28,"column":4},"end":{"line":28,"column":46}},"10":{"start":{"line":8,"column":13},"end":{"line":8,"column":26}}},"fnMap":{"0":{"name":"(anonymous_0)","decl":{"start":{"line":8,"column":26},"end":{"line":8,"column":31}},"loc":{"start":{"line":8,"column":81},"end":{"line":29,"column":1}}}},"branchMap":{"0":{"loc":{"start":{"line":9,"column":28},"end":{"line":9,"column":46}},"type":"binary-expr","locations":[{"start":{"line":9,"column":28},"end":{"line":9,"column":38}},{"start":{"line":9,"column":42},"end":{"line":9,"column":46}}]}},"s":{"0":3,"1":3,"2":3,"3":3,"4":0,"5":0,"6":0,"7":0,"8":0,"9":0,"10":3},"f":{"0":0},"b":{"0":[0,0]}}
,"D:\\edwin\\serverles\\appointment\\src\\handlers\\appointment.ts": {"path":"D:\\edwin\\serverles\\appointment\\src\\handlers\\appointment.ts","statementMap":{"0":{"start":{"line":3,"column":0},"end":{"line":3,"column":71}},"1":{"start":{"line":5,"column":47},"end":{"line":48,"column":1}},"2":{"start":{"line":8,"column":2},"end":{"line":47,"column":3}},"3":{"start":{"line":9,"column":4},"end":{"line":9,"column":47}},"4":{"start":{"line":10,"column":19},"end":{"line":10,"column":88}},"5":{"start":{"line":11,"column":4},"end":{"line":18,"column":5}},"6":{"start":{"line":13,"column":19},"end":{"line":13,"column":42}},"7":{"start":{"line":14,"column":6},"end":{"line":17,"column":null}},"8":{"start":{"line":19,"column":4},"end":{"line":26,"column":5}},"9":{"start":{"line":21,"column":19},"end":{"line":21,"column":42}},"10":{"start":{"line":22,"column":6},"end":{"line":25,"column":8}},"11":{"start":{"line":27,"column":4},"end":{"line":34,"column":5}},"12":{"start":{"line":29,"column":19},"end":{"line":29,"column":40}},"13":{"start":{"line":30,"column":6},"end":{"line":33,"column":8}},"14":{"start":{"line":35,"column":4},"end":{"line":38,"column":6}},"15":{"start":{"line":40,"column":4},"end":{"line":40,"column":47}},"16":{"start":{"line":41,"column":4},"end":{"line":46,"column":6}},"17":{"start":{"line":5,"column":13},"end":{"line":5,"column":47}}},"fnMap":{"0":{"name":"(anonymous_0)","decl":{"start":{"line":5,"column":47},"end":{"line":5,"column":52}},"loc":{"start":{"line":7,"column":34},"end":{"line":48,"column":1}}}},"branchMap":{"0":{"loc":{"start":{"line":10,"column":19},"end":{"line":10,"column":88}},"type":"binary-expr","locations":[{"start":{"line":10,"column":19},"end":{"line":10,"column":54}},{"start":{"line":10,"column":58},"end":{"line":10,"column":75}},{"start":{"line":10,"column":79},"end":{"line":10,"column":88}}]},"1":{"loc":{"start":{"line":11,"column":4},"end":{"line":18,"column":5}},"type":"if","locations":[{"start":{"line":11,"column":4},"end":{"line":18,"column":5}},{"start":{},"end":{}}]},"2":{"loc":{"start":{"line":19,"column":4},"end":{"line":26,"column":5}},"type":"if","locations":[{"start":{"line":19,"column":4},"end":{"line":26,"column":5}},{"start":{},"end":{}}]},"3":{"loc":{"start":{"line":27,"column":4},"end":{"line":34,"column":5}},"type":"if","locations":[{"start":{"line":27,"column":4},"end":{"line":34,"column":5}},{"start":{},"end":{}}]},"4":{"loc":{"start":{"line":37,"column":48},"end":{"line":37,"column":104}},"type":"cond-expr","locations":[{"start":{"line":37,"column":72},"end":{"line":37,"column":88}},{"start":{"line":37,"column":91},"end":{"line":37,"column":104}}]},"5":{"loc":{"start":{"line":44,"column":17},"end":{"line":44,"column":67}},"type":"binary-expr","locations":[{"start":{"line":44,"column":17},"end":{"line":44,"column":31}},{"start":{"line":44,"column":35},"end":{"line":44,"column":67}}]}},"s":{"0":3,"1":3,"2":3,"3":3,"4":3,"5":3,"6":1,"7":1,"8":2,"9":1,"10":1,"11":1,"12":1,"13":1,"14":0,"15":0,"16":0,"17":3},"f":{"0":3},"b":{"0":[3,2,1],"1":[1,2],"2":[1,1],"3":[1,0],"4":[0,0],"5":[0,0]}}
,"D:\\edwin\\serverles\\appointment\\src\\infrastructure\\index.ts": {"path":"D:\\edwin\\serverles\\appointment\\src\\infrastructure\\index.ts","statementMap":{"0":{"start":{"line":1,"column":0},"end":{"line":1,"column":25}},"1":{"start":{"line":2,"column":0},"end":{"line":2,"column":31}},"2":{"start":{"line":3,"column":0},"end":{"line":3,"column":30}}},"fnMap":{},"branchMap":{},"s":{"0":3,"1":3,"2":3},"f":{},"b":{}}
,"D:\\edwin\\serverles\\appointment\\src\\infrastructure\\config\\index.ts": {"path":"D:\\edwin\\serverles\\appointment\\src\\infrastructure\\config\\index.ts","statementMap":{"0":{"start":{"line":1,"column":0},"end":{"line":1,"column":33}},"1":{"start":{"line":2,"column":0},"end":{"line":2,"column":16}},"2":{"start":{"line":4,"column":13},"end":{"line":16,"column":2}}},"fnMap":{},"branchMap":{},"s":{"0":3,"1":3,"2":3},"f":{},"b":{}}
,"D:\\edwin\\serverles\\appointment\\src\\infrastructure\\dynamoClient\\index.ts": {"path":"D:\\edwin\\serverles\\appointment\\src\\infrastructure\\dynamoClient\\index.ts","statementMap":{"0":{"start":{"line":1,"column":0},"end":{"line":1,"column":null}},"1":{"start":{"line":8,"column":0},"end":{"line":8,"column":62}},"2":{"start":{"line":9,"column":0},"end":{"line":9,"column":35}},"3":{"start":{"line":12,"column":18},"end":{"line":12,"column":38}},"4":{"start":{"line":14,"column":34},"end":{"line":21,"column":1}},"5":{"start":{"line":15,"column":20},"end":{"line":17,"column":6}},"6":{"start":{"line":18,"column":21},"end":{"line":18,"column":50}},"7":{"start":{"line":19,"column":4},"end":{"line":19,"column":35}},"8":{"start":{"line":19,"column":25},"end":{"line":19,"column":35}},"9":{"start":{"line":20,"column":4},"end":{"line":20,"column":84}},"10":{"start":{"line":20,"column":40},"end":{"line":20,"column":82}},"11":{"start":{"line":14,"column":13},"end":{"line":14,"column":34}},"12":{"start":{"line":23,"column":31},"end":{"line":31,"column":1}},"13":{"start":{"line":26,"column":20},"end":{"line":29,"column":6}},"14":{"start":{"line":30,"column":4},"end":{"line":30,"column":34}},"15":{"start":{"line":23,"column":13},"end":{"line":23,"column":31}},"16":{"start":{"line":33,"column":33},"end":{"line":51,"column":1}},"17":{"start":{"line":38,"column":20},"end":{"line":48,"column":6}},"18":{"start":{"line":50,"column":4},"end":{"line":50,"column":34}},"19":{"start":{"line":33,"column":13},"end":{"line":33,"column":33}}},"fnMap":{"0":{"name":"(anonymous_0)","decl":{"start":{"line":14,"column":34},"end":{"line":14,"column":39}},"loc":{"start":{"line":14,"column":80},"end":{"line":21,"column":1}}},"1":{"name":"(anonymous_1)","decl":{"start":{"line":20,"column":30},"end":{"line":20,"column":31}},"loc":{"start":{"line":20,"column":40},"end":{"line":20,"column":82}}},"2":{"name":"(anonymous_2)","decl":{"start":{"line":23,"column":31},"end":{"line":23,"column":36}},"loc":{"start":{"line":25,"column":19},"end":{"line":31,"column":1}}},"3":{"name":"(anonymous_3)","decl":{"start":{"line":33,"column":33},"end":{"line":33,"column":38}},"loc":{"start":{"line":37,"column":19},"end":{"line":51,"column":1}}}},"branchMap":{"0":{"loc":{"start":{"line":19,"column":4},"end":{"line":19,"column":35}},"type":"if","locations":[{"start":{"line":19,"column":4},"end":{"line":19,"column":35}},{"start":{},"end":{}}]}},"s":{"0":3,"1":3,"2":3,"3":3,"4":3,"5":0,"6":0,"7":0,"8":0,"9":0,"10":0,"11":3,"12":3,"13":0,"14":0,"15":3,"16":3,"17":0,"18":0,"19":3},"f":{"0":0,"1":0,"2":0,"3":0},"b":{"0":[0,0]}}
,"D:\\edwin\\serverles\\appointment\\src\\infrastructure\\mysqlClient\\index.ts": {"path":"D:\\edwin\\serverles\\appointment\\src\\infrastructure\\mysqlClient\\index.ts","statementMap":{"0":{"start":{"line":1,"column":0},"end":{"line":1,"column":21}},"1":{"start":{"line":2,"column":0},"end":{"line":2,"column":21}}},"fnMap":{},"branchMap":{},"s":{"0":3,"1":3},"f":{},"b":{}}
,"D:\\edwin\\serverles\\appointment\\src\\infrastructure\\mysqlClient\\cl\\index.ts": {"path":"D:\\edwin\\serverles\\appointment\\src\\infrastructure\\mysqlClient\\cl\\index.ts","statementMap":{"0":{"start":{"line":1,"column":0},"end":{"line":1,"column":35}},"1":{"start":{"line":2,"column":0},"end":{"line":2,"column":38}},"2":{"start":{"line":5,"column":11},"end":{"line":13,"column":2}},"3":{"start":{"line":15,"column":33},"end":{"line":26,"column":1}},"4":{"start":{"line":16,"column":18},"end":{"line":19,"column":4}},"5":{"start":{"line":20,"column":19},"end":{"line":24,"column":6}},"6":{"start":{"line":25,"column":4},"end":{"line":25,"column":36}},"7":{"start":{"line":15,"column":13},"end":{"line":15,"column":33}}},"fnMap":{"0":{"name":"(anonymous_1)","decl":{"start":{"line":15,"column":33},"end":{"line":15,"column":38}},"loc":{"start":{"line":15,"column":78},"end":{"line":26,"column":1}}}},"branchMap":{},"s":{"0":3,"1":3,"2":3,"3":3,"4":0,"5":0,"6":0,"7":3},"f":{"0":0},"b":{}}
,"D:\\edwin\\serverles\\appointment\\src\\infrastructure\\mysqlClient\\pe\\index.ts": {"path":"D:\\edwin\\serverles\\appointment\\src\\infrastructure\\mysqlClient\\pe\\index.ts","statementMap":{"0":{"start":{"line":1,"column":0},"end":{"line":1,"column":35}},"1":{"start":{"line":2,"column":0},"end":{"line":2,"column":38}},"2":{"start":{"line":5,"column":11},"end":{"line":13,"column":2}},"3":{"start":{"line":15,"column":33},"end":{"line":26,"column":1}},"4":{"start":{"line":16,"column":18},"end":{"line":19,"column":4}},"5":{"start":{"line":20,"column":19},"end":{"line":24,"column":6}},"6":{"start":{"line":25,"column":4},"end":{"line":25,"column":36}},"7":{"start":{"line":15,"column":13},"end":{"line":15,"column":33}}},"fnMap":{"0":{"name":"(anonymous_1)","decl":{"start":{"line":15,"column":33},"end":{"line":15,"column":38}},"loc":{"start":{"line":15,"column":78},"end":{"line":26,"column":1}}}},"branchMap":{},"s":{"0":3,"1":3,"2":3,"3":3,"4":0,"5":0,"6":0,"7":3},"f":{"0":0},"b":{}}
}
