TN:
SF:src\application\attended.ts
FN:5,(anonymous_0)
FNF:1
FNH:0
FNDA:0,(anonymous_0)
DA:2,6
DA:5,6
DA:6,0
DA:7,0
DA:8,0
DA:9,0
DA:10,0
DA:11,0
DA:13,0
DA:15,0
LF:10
LH:2
BRDA:7,0,0,0
BRDA:7,0,1,0
BRDA:9,1,0,0
BRDA:9,1,1,0
BRDA:9,2,0,0
BRDA:9,2,1,0
BRDA:9,2,2,0
BRDA:9,2,3,0
BRF:8
BRH:0
end_of_record
TN:
SF:src\application\getAppointments.ts
FN:3,(anonymous_0)
FNF:1
FNH:0
FNDA:0,(anonymous_0)
DA:1,6
DA:3,6
DA:4,0
LF:3
LH:2
BRF:0
BRH:0
end_of_record
TN:
SF:src\application\index.ts
FNF:0
FNH:0
DA:1,6
DA:2,6
DA:3,6
DA:4,6
DA:5,6
LF:5
LH:5
BRF:0
BRH:0
end_of_record
TN:
SF:src\application\publishAppointment.ts
FN:6,(anonymous_0)
FNF:1
FNH:0
FNDA:0,(anonymous_0)
DA:1,6
DA:4,6
DA:6,6
DA:7,0
LF:4
LH:3
BRF:0
BRH:0
end_of_record
TN:
SF:src\application\savedRecord.ts
FN:4,(anonymous_0)
FNF:1
FNH:0
FNDA:0,(anonymous_0)
DA:2,6
DA:4,6
DA:5,0
DA:6,0
DA:8,0
LF:5
LH:2
BRDA:5,0,0,0
BRDA:5,0,1,0
BRF:2
BRH:0
end_of_record
TN:
SF:src\application\scheduling.ts
FN:8,(anonymous_0)
FNF:1
FNH:0
FNDA:0,(anonymous_0)
DA:2,6
DA:4,6
DA:6,6
DA:8,6
DA:9,0
DA:10,0
DA:16,0
DA:17,0
DA:27,0
DA:28,0
LF:10
LH:4
BRDA:9,0,0,0
BRDA:9,0,1,0
BRF:2
BRH:0
end_of_record
TN:
SF:src\handlers\appointment.ts
FN:5,(anonymous_0)
FNF:1
FNH:1
FNDA:4,(anonymous_0)
DA:3,4
DA:5,4
DA:8,4
DA:9,4
DA:10,4
DA:11,4
DA:13,1
DA:14,1
DA:19,3
DA:21,2
DA:22,2
DA:27,1
DA:29,1
DA:30,1
DA:35,0
DA:40,0
DA:41,0
LF:17
LH:14
BRDA:10,0,0,4
BRDA:10,0,1,2
BRDA:10,0,2,1
BRDA:11,1,0,1
BRDA:11,1,1,3
BRDA:19,2,0,2
BRDA:19,2,1,1
BRDA:27,3,0,1
BRDA:27,3,1,0
BRDA:37,4,0,0
BRDA:37,4,1,0
BRDA:44,5,0,0
BRDA:44,5,1,0
BRF:13
BRH:8
end_of_record
TN:
SF:src\handlers\appointment_cl.ts
FN:5,(anonymous_0)
FNF:1
FNH:1
FNDA:1,(anonymous_0)
DA:3,1
DA:5,1
DA:6,1
DA:7,1
DA:8,1
DA:9,1
DA:10,1
DA:11,1
DA:16,1
DA:17,1
DA:19,0
DA:20,0
LF:12
LH:10
BRF:0
BRH:0
end_of_record
TN:
SF:src\handlers\appointment_pe.ts
FN:5,(anonymous_0)
FNF:1
FNH:1
FNDA:1,(anonymous_0)
DA:3,1
DA:5,1
DA:6,1
DA:7,1
DA:8,1
DA:9,1
DA:10,1
DA:11,1
DA:16,1
DA:17,1
DA:19,0
DA:20,0
LF:12
LH:10
BRF:0
BRH:0
end_of_record
TN:
SF:src\infrastructure\index.ts
FNF:0
FNH:0
DA:1,6
DA:2,6
DA:3,6
LF:3
LH:3
BRF:0
BRH:0
end_of_record
TN:
SF:src\infrastructure\config\index.ts
FNF:0
FNH:0
DA:1,6
DA:2,6
DA:4,6
LF:3
LH:3
BRF:0
BRH:0
end_of_record
TN:
SF:src\infrastructure\dynamoClient\index.ts
FN:14,(anonymous_0)
FN:20,(anonymous_1)
FN:23,(anonymous_2)
FN:33,(anonymous_3)
FNF:4
FNH:0
FNDA:0,(anonymous_0)
FNDA:0,(anonymous_1)
FNDA:0,(anonymous_2)
FNDA:0,(anonymous_3)
DA:1,6
DA:8,6
DA:9,6
DA:12,6
DA:14,6
DA:15,0
DA:18,0
DA:19,0
DA:20,0
DA:23,6
DA:26,0
DA:30,0
DA:33,6
DA:38,0
DA:50,0
LF:15
LH:7
BRDA:19,0,0,0
BRDA:19,0,1,0
BRF:2
BRH:0
end_of_record
TN:
SF:src\infrastructure\mysqlClient\index.ts
FNF:0
FNH:0
DA:1,6
DA:2,6
LF:2
LH:2
BRF:0
BRH:0
end_of_record
TN:
SF:src\infrastructure\mysqlClient\cl\index.ts
FN:15,(anonymous_1)
FNF:1
FNH:0
FNDA:0,(anonymous_1)
DA:1,6
DA:2,6
DA:5,6
DA:15,6
DA:16,0
DA:20,0
DA:25,0
LF:7
LH:4
BRF:0
BRH:0
end_of_record
TN:
SF:src\infrastructure\mysqlClient\pe\index.ts
FN:15,(anonymous_1)
FNF:1
FNH:0
FNDA:0,(anonymous_1)
DA:1,6
DA:2,6
DA:5,6
DA:15,6
DA:16,0
DA:20,0
DA:25,0
LF:7
LH:4
BRF:0
BRH:0
end_of_record
